
Currently Loaded Modules:
  1) openmpi/4.1.6

 

job is starting on gpua074.delta.ncsa.illinois.edu
/u/wzhong/miniconda3/bin/python3
# packages in environment at /u/wzhong/miniconda3:
#
# Name                    Version                   Build  Channel
pytorch-wavelets          1.3.0                    pypi_0    pypi
siren-pytorch             0.1.7                    pypi_0    pypi
torch.Size([300, 200, 200]) torch.Size([300, 200, 200]) torch.Size([300, 4, 200, 200]) torch.Size([300, 4, 200, 200]) torch.Size([300, 200, 200]) torch.Size([300])
210 30 60
current epoch: 0
average relative error: 0.07317642749597629
saved new model.
current epoch: 10
average relative error: 0.07217924632132053
saved new model.
current epoch: 20
average relative error: 0.0721417598426342
saved new model.
current epoch: 30
average relative error: 0.0722449067980051
current epoch: 40
average relative error: 0.07223331139733394
current epoch: 50
average relative error: 0.07225189805030822
current epoch: 60
average relative error: 0.07236158947149912
current epoch: 70
average relative error: 0.07242180040727059
current epoch: 80
average relative error: 0.07261378783732653
current epoch: 90
average relative error: 0.07259558842827876
current epoch: 100
average relative error: 0.07241983929028113
current epoch: 110
average relative error: 0.07297525939842066
current epoch: 120
average relative error: 0.0730381416156888
current epoch: 130
average relative error: 0.0727505479628841
current epoch: 140
average relative error: 0.07271365157018105
current epoch: 150
average relative error: 0.07285530958324671
current epoch: 160
average relative error: 0.07300564690182607
current epoch: 170
average relative error: 0.0733884109184146
current epoch: 180
average relative error: 0.073698070521156
current epoch: 190
average relative error: 0.07374723174919685
current epoch: 200
average relative error: 0.07337431230892738
current epoch: 210
average relative error: 0.07353739297638337
current epoch: 220
average relative error: 0.07344869753966729
current epoch: 230
average relative error: 0.07331537920981646
current epoch: 240
average relative error: 0.073957220527033
current epoch: 250
average relative error: 0.07400736007839441
current epoch: 260
average relative error: 0.07434385971476634
current epoch: 270
average relative error: 0.07357482252021631
current epoch: 280
average relative error: 0.07369042250017326
current epoch: 290
average relative error: 0.07367499340325594
current epoch: 300
average relative error: 0.07430025096982718
current epoch: 310
average relative error: 0.07406985219568014
current epoch: 320
average relative error: 0.07386540950586398
current epoch: 330
average relative error: 0.07429930145541827
current epoch: 340
average relative error: 0.07436675361047189
current epoch: 350
average relative error: 0.07386536827931801
current epoch: 360
average relative error: 0.07430161498486995
current epoch: 370
average relative error: 0.07459753745545944
current epoch: 380
average relative error: 0.07422635412464539
current epoch: 390
average relative error: 0.07483974906305473
current epoch: 400
average relative error: 0.07431030285855135
current epoch: 410
average relative error: 0.07460355516523123
current epoch: 420
average relative error: 0.074659522001942
current epoch: 430
average relative error: 0.07435988498230775
current epoch: 440
average relative error: 0.07523106715331475
current epoch: 450
average relative error: 0.07446661051362753
current epoch: 460
average relative error: 0.07490143508960803
current epoch: 470
average relative error: 0.07459489647299052
current epoch: 480
average relative error: 0.07496739930162827
current epoch: 490
average relative error: 0.07455248304953178
torch.Size([300, 200, 200]) torch.Size([300, 200, 200]) torch.Size([300, 4, 200, 200]) torch.Size([300, 4, 200, 200]) torch.Size([300, 200, 200]) torch.Size([300])
210 30 60
current epoch: 0
average relative error: 0.13772719502449035
saved new model.
current epoch: 10
average relative error: 0.1272150517751773
saved new model.
current epoch: 20
average relative error: 0.12710602084795633
saved new model.
current epoch: 30
average relative error: 0.1285908704002698
current epoch: 40
average relative error: 0.1307310439646244
current epoch: 50
average relative error: 0.13308859864870706
current epoch: 60
average relative error: 0.13540206824739773
current epoch: 70
average relative error: 0.13761970177292823
current epoch: 80
average relative error: 0.1396966300904751
current epoch: 90
average relative error: 0.14169391766190528
current epoch: 100
average relative error: 0.14377488419413567
current epoch: 110
average relative error: 0.14607447336117427
current epoch: 120
average relative error: 0.14866330747803053
current epoch: 130
average relative error: 0.14641987383365632
current epoch: 140
average relative error: 0.15439773872494697
current epoch: 150
average relative error: 0.15049501185615857
current epoch: 160
average relative error: 0.14813819502790768
current epoch: 170
average relative error: 0.14927712480227154
current epoch: 180
average relative error: 0.15320374742150306
current epoch: 190
average relative error: 0.1538003757596016
current epoch: 200
average relative error: 0.15821165243784588
current epoch: 210
average relative error: 0.16921361510952312
current epoch: 220
average relative error: 0.15788059532642365
current epoch: 230
average relative error: 0.15754873951276144
current epoch: 240
average relative error: 0.16016439696153004
current epoch: 250
average relative error: 0.16334092915058135
current epoch: 260
average relative error: 0.1737242283920447
current epoch: 270
average relative error: 0.16190126910805702
current epoch: 280
average relative error: 0.15779612685243288
current epoch: 290
average relative error: 0.16666664704680442
current epoch: 300
average relative error: 0.16193626200159392
current epoch: 310
average relative error: 0.16338983202974003
current epoch: 320
average relative error: 0.16183173085252445
current epoch: 330
average relative error: 0.16013299350937207
current epoch: 340
average relative error: 0.16317000910639762
current epoch: 350
average relative error: 0.1712021718422572
current epoch: 360
average relative error: 0.1622641662756602
current epoch: 370
average relative error: 0.166702921440204
current epoch: 380
average relative error: 0.1641960528989633
current epoch: 390
average relative error: 0.1665310303370158
current epoch: 400
average relative error: 0.1671518663565318
current epoch: 410
average relative error: 0.16786239023009936
current epoch: 420
average relative error: 0.16710141102472942
current epoch: 430
average relative error: 0.169940876464049
current epoch: 440
average relative error: 0.1768685172001521
current epoch: 450
average relative error: 0.16579018036524454
current epoch: 460
average relative error: 0.16802450269460678
current epoch: 470
average relative error: 0.1641805370648702
current epoch: 480
average relative error: 0.16656756748755772
current epoch: 490
average relative error: 0.16937028790513675
torch.Size([300, 200, 200]) torch.Size([300, 200, 200]) torch.Size([300, 4, 200, 200]) torch.Size([300, 4, 200, 200]) torch.Size([300, 200, 200]) torch.Size([300])
210 30 60
No pre-trained model.
current epoch: 0
average relative error: 0.866933818658193
saved new model.
current epoch: 10
average relative error: 0.6942695836226146
saved new model.
current epoch: 20
average relative error: 0.6573132455348969
saved new model.
current epoch: 30
average relative error: 0.6089244226614634
saved new model.
current epoch: 40
average relative error: 0.6506195902824402
current epoch: 50
average relative error: 0.24191935410102208
saved new model.
current epoch: 60
average relative error: 0.17665119618177413
saved new model.
current epoch: 70
average relative error: 0.15600725412368774
saved new model.
current epoch: 80
average relative error: 0.13824424842993419
saved new model.
current epoch: 90
average relative error: 0.1264791804055373
saved new model.
current epoch: 100
average relative error: 0.1265857624510924
current epoch: 110
average relative error: 0.12909992436567944
current epoch: 120
average relative error: 0.11632857943574587
saved new model.
current epoch: 130
average relative error: 0.1124050701657931
saved new model.
current epoch: 140
average relative error: 0.11319709296027819
current epoch: 150
average relative error: 0.11092894822359085
saved new model.
current epoch: 160
average relative error: 0.10896188070376714
saved new model.
current epoch: 170
average relative error: 0.1074989435573419
saved new model.
current epoch: 180
average relative error: 0.10581158424417178
saved new model.
current epoch: 190
average relative error: 0.11694669375816981
current epoch: 200
average relative error: 0.1058269480864207
current epoch: 210
average relative error: 0.10526182328661284
saved new model.
current epoch: 220
average relative error: 0.09647386794288954
saved new model.
current epoch: 230
average relative error: 0.0948452898611625
saved new model.
current epoch: 240
average relative error: 0.2476517346998056
current epoch: 250
average relative error: 0.0951417696972688
current epoch: 260
average relative error: 0.0931596597035726
saved new model.
current epoch: 270
average relative error: 0.09316111269096533
current epoch: 280
average relative error: 0.09192923021813233
saved new model.
current epoch: 290
average relative error: 0.091871302947402
saved new model.
current epoch: 300
average relative error: 0.09205372768143813
current epoch: 310
average relative error: 0.09060689049462477
saved new model.
current epoch: 320
average relative error: 0.09287108567853769
current epoch: 330
average relative error: 0.0905232697725296
saved new model.
current epoch: 340
average relative error: 0.09171594170232614
current epoch: 350
average relative error: 0.09107955470681191
current epoch: 360
average relative error: 0.09100440305968126
current epoch: 370
average relative error: 0.09117057286202908
current epoch: 380
average relative error: 0.0871360848347346
saved new model.
current epoch: 390
average relative error: 0.09159934868415197
current epoch: 400
average relative error: 0.08982442977527777
current epoch: 410
average relative error: 0.0905317336320877
current epoch: 420
average relative error: 0.08988500721752643
current epoch: 430
average relative error: 0.09176008279124896
current epoch: 440
average relative error: 0.09159642520050208
current epoch: 450
average relative error: 0.09312484276791413
current epoch: 460
average relative error: 0.08986999293168386
current epoch: 470
average relative error: 0.0894969613601764
current epoch: 480
average relative error: 0.09670168720185757
current epoch: 490
average relative error: 0.09516796097159386
torch.Size([300, 200, 200]) torch.Size([300, 200, 200]) torch.Size([300, 4, 200, 200]) torch.Size([300, 4, 200, 200]) torch.Size([300, 200, 200]) torch.Size([300])
210 30 60
No pre-trained model.
current epoch: 0
average relative error: 0.4160719275474548
saved new model.
current epoch: 10
average relative error: 0.39362398684024813
saved new model.
current epoch: 20
average relative error: 0.37283650040626526
saved new model.
current epoch: 30
average relative error: 0.43811929325262705
current epoch: 40
average relative error: 0.3473036368687948
saved new model.
current epoch: 50
average relative error: 0.26188599864641826
saved new model.
current epoch: 60
average relative error: 0.2735706632335981
current epoch: 70
average relative error: 0.1677894396086534
saved new model.
current epoch: 80
average relative error: 0.16020676717162133
saved new model.
current epoch: 90
average relative error: 0.14216805174946784
saved new model.
current epoch: 100
average relative error: 0.1336711972951889
saved new model.
current epoch: 110
average relative error: 0.1281933349867662
saved new model.
current epoch: 120
average relative error: 0.12951262791951498
current epoch: 130
average relative error: 0.1335601933300495
current epoch: 140
average relative error: 0.12492604553699493
saved new model.
current epoch: 150
average relative error: 0.1191750337680181
saved new model.
current epoch: 160
average relative error: 0.11890563095609347
saved new model.
current epoch: 170
average relative error: 0.12211326733231545
current epoch: 180
average relative error: 0.12412696182727814
current epoch: 190
average relative error: 0.12214374393224717
current epoch: 200
average relative error: 0.16745807801683743
current epoch: 210
average relative error: 0.13049451758464178
current epoch: 220
average relative error: 0.12946872388323147
current epoch: 230
average relative error: 0.12867012470960618
current epoch: 240
average relative error: 0.1433505912621816
current epoch: 250
average relative error: 0.1329842783510685
current epoch: 260
average relative error: 0.12914857417345046
current epoch: 270
average relative error: 0.13374181712667146
current epoch: 280
average relative error: 0.13563501238822936
current epoch: 290
average relative error: 0.13708686605095863
current epoch: 300
average relative error: 0.13447055493791898
current epoch: 310
average relative error: 0.15157535225152968
current epoch: 320
average relative error: 0.1324426551659902
current epoch: 330
average relative error: 0.13045033564170203
current epoch: 340
average relative error: 0.13965972537795704
current epoch: 350
average relative error: 0.13383710260192552
current epoch: 360
average relative error: 0.1310438719888528
current epoch: 370
average relative error: 0.13734972178936006
current epoch: 380
average relative error: 0.13119642610351245
current epoch: 390
average relative error: 0.12958205988009772
current epoch: 400
average relative error: 0.12915926650166512
current epoch: 410
average relative error: 0.14512171323100725
current epoch: 420
average relative error: 0.13321241935094197
current epoch: 430
average relative error: 0.13171172365546227
current epoch: 440
average relative error: 0.13271030907829603
current epoch: 450
average relative error: 0.14034997820854186
current epoch: 460
average relative error: 0.13137498895327251
current epoch: 470
average relative error: 0.12981170763572056
current epoch: 480
average relative error: 0.12990140169858932
current epoch: 490
average relative error: 0.13013854051629703
